-rwxr-xr-x 1 zeta.zen 197121   305 Mar  7 00:42 scripts/configure_firewall.sh*
-rwxr-xr-x 1 zeta.zen 197121   243 Mar  7 00:42 scripts/configure_nginx.sh*
-rwxr-xr-x 1 zeta.zen 197121   502 Mar  7 00:50 scripts/deploy_elixir_phoenix.sh*
-rwxr-xr-x 1 zeta.zen 197121   694 Mar  7 00:43 scripts/deploy_kafka.sh*
-rwxr-xr-x 1 zeta.zen 197121   181 Mar  7 00:43 scripts/deploy_mongodb.sh*
-rwxr-xr-x 1 zeta.zen 197121   478 Mar  7 00:49 scripts/deploy_spring_boot.sh*
-rwxr-xr-x 1 zeta.zen 197121   383 Mar  7 00:42 scripts/ensure_docker_compose.sh*
-rwxr-xr-x 1 zeta.zen 197121  1251 Mar  6 19:28 scripts/ensure_repo_formatted.sh*
-rwxr-xr-x 1 zeta.zen 197121  8872 Mar  6 08:09 scripts/get_setup_info.sh*
-rwxr-xr-x 1 zeta.zen 197121   304 Mar  7 00:41 scripts/install_core_dependencies.sh*
-rwxr-xr-x 1 zeta.zen 197121   262 Mar  7 00:43 scripts/install_grafana.sh*
-rwxr-xr-x 1 zeta.zen 197121  1216 Mar 10 19:46 scripts/install_kubernetes.sh*
-rwxr-xr-x 1 zeta.zen 197121  3955 Mar 10 20:58 scripts/install_kubernetes_test.sh*
-rw-r--r-- 1 zeta.zen 197121   626 Mar 10 20:00 scripts/install_kubernetes_test_simple.sh
-rwxr-xr-x 1 zeta.zen 197121   269 Mar  7 00:43 scripts/install_prometheus.sh*
-rwxr-xr-x 1 zeta.zen 197121   260 Mar  7 00:46 scripts/setup_letsencrypt.sh*
-rwxr-xr-x 1 zeta.zen 197121 30483 Mar  7 00:33 scripts/setup_script.sh*
-rwxr-xr-x 1 zeta.zen 197121   268 Mar  7 00:42 scripts/setup_sslh.sh*
-rwxr-xr-x 1 zeta.zen 197121 18308 Mar  6 08:09 scripts/test_setup.sh*
-rw-r--r-- 1 zeta.zen 197121   499 Mar 10 20:11 scripts/utils.sh
